Determining if files mach-o/dyld.h exist failed with the following output:
Change Dir: /home/bsc15/bsc15982/nest-simulator/change/CMakeFiles/CMakeTmp

Run Build Command:"/usr/bin/gmake" "cmTC_de61c/fast"
/usr/bin/gmake -f CMakeFiles/cmTC_de61c.dir/build.make CMakeFiles/cmTC_de61c.dir/build
gmake[1]: Entering directory '/gpfs/home/bsc15/bsc15982/nest-simulator/change/CMakeFiles/CMakeTmp'
Building C object CMakeFiles/cmTC_de61c.dir/CheckIncludeFiles.c.o
/apps/GCC/7.1.0/bin/gcc    -march=skylake-avx512 -mtune=skylake-avx512 -m64 -fPIC     -o CMakeFiles/cmTC_de61c.dir/CheckIncludeFiles.c.o   -c /home/bsc15/bsc15982/nest-simulator/change/CMakeFiles/CMakeTmp/CheckIncludeFiles.c
/home/bsc15/bsc15982/nest-simulator/change/CMakeFiles/CMakeTmp/CheckIncludeFiles.c:2:10: fatal error: mach-o/dyld.h: No such file or directory
 #include <mach-o/dyld.h>
          ^~~~~~~~~~~~~~~
compilation terminated.
CMakeFiles/cmTC_de61c.dir/build.make:65: recipe for target 'CMakeFiles/cmTC_de61c.dir/CheckIncludeFiles.c.o' failed
gmake[1]: *** [CMakeFiles/cmTC_de61c.dir/CheckIncludeFiles.c.o] Error 1
gmake[1]: Leaving directory '/gpfs/home/bsc15/bsc15982/nest-simulator/change/CMakeFiles/CMakeTmp'
Makefile:126: recipe for target 'cmTC_de61c/fast' failed
gmake: *** [cmTC_de61c/fast] Error 2

Source:
/* */
#include <mach-o/dyld.h>


int main(void){return 0;}

Determining if files mach/mach.h exist failed with the following output:
Change Dir: /home/bsc15/bsc15982/nest-simulator/change/CMakeFiles/CMakeTmp

Run Build Command:"/usr/bin/gmake" "cmTC_2a9fd/fast"
/usr/bin/gmake -f CMakeFiles/cmTC_2a9fd.dir/build.make CMakeFiles/cmTC_2a9fd.dir/build
gmake[1]: Entering directory '/gpfs/home/bsc15/bsc15982/nest-simulator/change/CMakeFiles/CMakeTmp'
Building C object CMakeFiles/cmTC_2a9fd.dir/CheckIncludeFiles.c.o
/apps/GCC/7.1.0/bin/gcc    -march=skylake-avx512 -mtune=skylake-avx512 -m64 -fPIC     -o CMakeFiles/cmTC_2a9fd.dir/CheckIncludeFiles.c.o   -c /home/bsc15/bsc15982/nest-simulator/change/CMakeFiles/CMakeTmp/CheckIncludeFiles.c
/home/bsc15/bsc15982/nest-simulator/change/CMakeFiles/CMakeTmp/CheckIncludeFiles.c:2:10: fatal error: mach/mach.h: No such file or directory
 #include <mach/mach.h>
          ^~~~~~~~~~~~~
compilation terminated.
CMakeFiles/cmTC_2a9fd.dir/build.make:65: recipe for target 'CMakeFiles/cmTC_2a9fd.dir/CheckIncludeFiles.c.o' failed
gmake[1]: *** [CMakeFiles/cmTC_2a9fd.dir/CheckIncludeFiles.c.o] Error 1
gmake[1]: Leaving directory '/gpfs/home/bsc15/bsc15982/nest-simulator/change/CMakeFiles/CMakeTmp'
Makefile:126: recipe for target 'cmTC_2a9fd/fast' failed
gmake: *** [cmTC_2a9fd/fast] Error 2

Source:
/* */
#include <mach/mach.h>


int main(void){return 0;}

Determining size of u_int16_t failed with the following output:
Change Dir: /home/bsc15/bsc15982/nest-simulator/change/CMakeFiles/CMakeTmp

Run Build Command:"/usr/bin/gmake" "cmTC_b3f80/fast"
/usr/bin/gmake -f CMakeFiles/cmTC_b3f80.dir/build.make CMakeFiles/cmTC_b3f80.dir/build
gmake[1]: Entering directory '/gpfs/home/bsc15/bsc15982/nest-simulator/change/CMakeFiles/CMakeTmp'
Building C object CMakeFiles/cmTC_b3f80.dir/U_INT16_T_SIZE.c.o
/apps/GCC/7.1.0/bin/gcc    -march=skylake-avx512 -mtune=skylake-avx512 -m64 -fPIC     -o CMakeFiles/cmTC_b3f80.dir/U_INT16_T_SIZE.c.o   -c /home/bsc15/bsc15982/nest-simulator/change/CMakeFiles/CheckTypeSize/U_INT16_T_SIZE.c
/home/bsc15/bsc15982/nest-simulator/change/CMakeFiles/CheckTypeSize/U_INT16_T_SIZE.c:4:10: fatal error: types.h: No such file or directory
 #include "types.h"
          ^~~~~~~~~
compilation terminated.
CMakeFiles/cmTC_b3f80.dir/build.make:65: recipe for target 'CMakeFiles/cmTC_b3f80.dir/U_INT16_T_SIZE.c.o' failed
gmake[1]: *** [CMakeFiles/cmTC_b3f80.dir/U_INT16_T_SIZE.c.o] Error 1
gmake[1]: Leaving directory '/gpfs/home/bsc15/bsc15982/nest-simulator/change/CMakeFiles/CMakeTmp'
Makefile:126: recipe for target 'cmTC_b3f80/fast' failed
gmake: *** [cmTC_b3f80/fast] Error 2

/home/bsc15/bsc15982/nest-simulator/change/CMakeFiles/CheckTypeSize/U_INT16_T_SIZE.c:
#include <sys/types.h>
#include <stdint.h>
#include <stddef.h>
#include "types.h"


#undef KEY
#if defined(__i386)
# define KEY '_','_','i','3','8','6'
#elif defined(__x86_64)
# define KEY '_','_','x','8','6','_','6','4'
#elif defined(__ppc__)
# define KEY '_','_','p','p','c','_','_'
#elif defined(__ppc64__)
# define KEY '_','_','p','p','c','6','4','_','_'
#endif

#define SIZE (sizeof(u_int16_t))
char info_size[] =  {'I', 'N', 'F', 'O', ':', 's','i','z','e','[',
  ('0' + ((SIZE / 10000)%10)),
  ('0' + ((SIZE / 1000)%10)),
  ('0' + ((SIZE / 100)%10)),
  ('0' + ((SIZE / 10)%10)),
  ('0' +  (SIZE    % 10)),
  ']',
#ifdef KEY
  ' ','k','e','y','[', KEY, ']',
#endif
  '\0'};

#ifdef __CLASSIC_C__
int main(argc, argv) int argc; char *argv[];
#else
int main(int argc, char *argv[])
#endif
{
  int require = 0;
  require += info_size[argc];
  (void)argv;
  return require;
}


Determining if the function expm1 exists failed with the following output:
Change Dir: /home/bsc15/bsc15982/nest-simulator/change/CMakeFiles/CMakeTmp

Run Build Command:"/usr/bin/gmake" "cmTC_a6d91/fast"
/usr/bin/gmake -f CMakeFiles/cmTC_a6d91.dir/build.make CMakeFiles/cmTC_a6d91.dir/build
gmake[1]: Entering directory '/gpfs/home/bsc15/bsc15982/nest-simulator/change/CMakeFiles/CMakeTmp'
Building C object CMakeFiles/cmTC_a6d91.dir/CheckFunctionExists.c.o
/apps/GCC/7.1.0/bin/gcc    -march=skylake-avx512 -mtune=skylake-avx512 -m64 -fPIC  -DCHECK_FUNCTION_EXISTS=expm1   -o CMakeFiles/cmTC_a6d91.dir/CheckFunctionExists.c.o   -c /usr/share/cmake/Modules/CheckFunctionExists.c
<command-line>:0:23: warning: conflicting types for built-in function ‘expm1’ [-Wbuiltin-declaration-mismatch]
/usr/share/cmake/Modules/CheckFunctionExists.c:6:6: note: in expansion of macro ‘CHECK_FUNCTION_EXISTS’
 char CHECK_FUNCTION_EXISTS();
      ^~~~~~~~~~~~~~~~~~~~~
Linking C executable cmTC_a6d91
/usr/bin/cmake -E cmake_link_script CMakeFiles/cmTC_a6d91.dir/link.txt --verbose=1
/apps/GCC/7.1.0/bin/gcc  -march=skylake-avx512 -mtune=skylake-avx512 -m64 -fPIC  -DCHECK_FUNCTION_EXISTS=expm1    CMakeFiles/cmTC_a6d91.dir/CheckFunctionExists.c.o  -o cmTC_a6d91 -rdynamic 
CMakeFiles/cmTC_a6d91.dir/CheckFunctionExists.c.o: In function `main':
CheckFunctionExists.c:(.text+0x15): undefined reference to `expm1'
collect2: error: ld returned 1 exit status
CMakeFiles/cmTC_a6d91.dir/build.make:97: recipe for target 'cmTC_a6d91' failed
gmake[1]: *** [cmTC_a6d91] Error 1
gmake[1]: Leaving directory '/gpfs/home/bsc15/bsc15982/nest-simulator/change/CMakeFiles/CMakeTmp'
Makefile:126: recipe for target 'cmTC_a6d91/fast' failed
gmake: *** [cmTC_a6d91/fast] Error 2


